TN:
SF:src/controllers/alquiler.controller.js
FN:7,(anonymous_0)
FN:12,(anonymous_1)
FN:25,(anonymous_2)
FN:41,(anonymous_3)
FN:59,(anonymous_4)
FN:84,(anonymous_5)
FN:100,(anonymous_6)
FNF:7
FNH:7
FNDA:6,(anonymous_0)
FNDA:2,(anonymous_1)
FNDA:2,(anonymous_2)
FNDA:1,(anonymous_3)
FNDA:2,(anonymous_4)
FNDA:2,(anonymous_5)
FNDA:3,(anonymous_6)
DA:7,6
DA:12,1
DA:13,2
DA:14,2
DA:15,1
DA:17,1
DA:18,1
DA:25,1
DA:26,2
DA:27,2
DA:28,2
DA:29,1
DA:31,1
DA:33,0
DA:34,0
DA:41,1
DA:42,1
DA:43,1
DA:44,1
DA:49,1
DA:51,0
DA:52,0
DA:59,1
DA:60,2
DA:61,2
DA:62,2
DA:69,2
DA:70,1
DA:73,1
DA:74,1
DA:76,0
DA:77,0
DA:84,1
DA:85,2
DA:86,2
DA:87,2
DA:88,1
DA:90,1
DA:92,0
DA:93,0
DA:100,1
DA:101,3
DA:102,3
DA:117,3
DA:119,2
DA:120,1
DA:123,1
DA:125,1
DA:126,1
DA:127,1
DA:128,1
LF:51
LH:43
BRDA:28,0,0,1
BRDA:28,0,1,1
BRDA:69,1,0,1
BRDA:69,1,1,1
BRDA:87,2,0,1
BRDA:87,2,1,1
BRDA:119,3,0,1
BRDA:119,3,1,1
BRDA:126,4,0,1
BRDA:126,4,1,0
BRDA:127,5,0,1
BRDA:127,5,1,0
BRF:12
BRH:10
end_of_record
TN:
SF:src/controllers/clientes.controller.js
FN:3,(anonymous_0)
FN:13,(anonymous_1)
FN:23,(anonymous_2)
FN:33,(anonymous_3)
FN:49,(anonymous_4)
FNF:5
FNH:5
FNDA:2,(anonymous_0)
FNDA:2,(anonymous_1)
FNDA:1,(anonymous_2)
FNDA:2,(anonymous_3)
FNDA:2,(anonymous_4)
DA:3,1
DA:4,2
DA:5,2
DA:6,2
DA:7,1
DA:9,1
DA:13,1
DA:14,2
DA:15,2
DA:16,2
DA:17,2
DA:18,1
DA:20,0
DA:23,1
DA:24,1
DA:25,1
DA:26,1
DA:27,1
DA:28,1
DA:30,0
DA:33,1
DA:34,2
DA:35,2
DA:36,2
DA:37,2
DA:38,2
DA:39,1
DA:41,1
DA:42,1
DA:45,0
DA:49,1
DA:50,2
DA:51,2
DA:52,2
DA:54,2
DA:55,1
DA:57,1
DA:59,0
LF:38
LH:34
BRDA:17,0,0,1
BRDA:17,0,1,1
BRDA:38,1,0,1
BRDA:38,1,1,1
BRDA:54,2,0,1
BRDA:54,2,1,1
BRF:6
BRH:6
end_of_record
TN:
SF:src/controllers/marketplace.controller.js
FN:2,(anonymous_0)
FN:21,(anonymous_1)
FN:37,(anonymous_2)
FN:55,(anonymous_3)
FN:71,(anonymous_4)
FN:115,(anonymous_5)
FN:141,(anonymous_6)
FN:159,(anonymous_7)
FN:174,(anonymous_8)
FNF:9
FNH:9
FNDA:2,(anonymous_0)
FNDA:1,(anonymous_1)
FNDA:2,(anonymous_2)
FNDA:1,(anonymous_3)
FNDA:2,(anonymous_4)
FNDA:1,(anonymous_5)
FNDA:1,(anonymous_6)
FNDA:1,(anonymous_7)
FNDA:2,(anonymous_8)
DA:2,1
DA:3,2
DA:4,2
DA:18,2
DA:21,2
DA:26,2
DA:27,1
DA:30,1
DA:32,0
DA:33,0
DA:37,1
DA:38,2
DA:39,2
DA:53,2
DA:55,2
DA:60,2
DA:61,1
DA:64,1
DA:66,0
DA:67,0
DA:71,1
DA:72,2
DA:73,2
DA:74,2
DA:92,2
DA:94,2
DA:95,1
DA:98,1
DA:100,1
DA:101,1
DA:103,0
DA:106,1
DA:108,0
DA:109,0
DA:115,1
DA:116,1
DA:117,1
DA:132,1
DA:134,0
DA:135,0
DA:141,1
DA:142,1
DA:143,1
DA:159,1
DA:164,1
DA:166,0
DA:167,0
DA:174,1
DA:175,2
DA:176,2
DA:190,2
DA:191,1
DA:193,1
DA:194,1
LF:54
LH:43
BRDA:23,0,0,1
BRDA:23,0,1,0
BRDA:26,1,0,1
BRDA:26,1,1,1
BRDA:57,2,0,1
BRDA:57,2,1,0
BRDA:60,3,0,1
BRDA:60,3,1,1
BRDA:94,4,0,1
BRDA:94,4,1,1
BRDA:100,5,0,1
BRDA:100,5,1,0
BRDA:161,6,0,1
BRDA:161,6,1,0
BRF:14
BRH:10
end_of_record
TN:
SF:src/controllers/motoImagenesController.js
FN:8,(anonymous_0)
FN:19,(anonymous_1)
FN:26,(anonymous_2)
FN:46,(anonymous_3)
FN:56,(anonymous_4)
FN:68,(anonymous_5)
FN:86,(anonymous_6)
FNF:7
FNH:4
FNDA:0,(anonymous_0)
FNDA:0,(anonymous_1)
FNDA:0,(anonymous_2)
FNDA:4,(anonymous_3)
FNDA:3,(anonymous_4)
FNDA:3,(anonymous_5)
FNDA:3,(anonymous_6)
DA:7,1
DA:10,0
DA:13,0
DA:14,0
DA:17,0
DA:21,0
DA:26,1
DA:27,0
DA:28,0
DA:29,0
DA:31,0
DA:32,0
DA:34,0
DA:39,1
DA:46,1
DA:47,4
DA:48,4
DA:49,4
DA:51,4
DA:52,2
DA:56,3
DA:57,2
DA:58,2
DA:60,1
DA:62,1
DA:63,1
DA:68,1
DA:69,3
DA:70,3
DA:71,3
DA:72,3
DA:74,2
DA:75,1
DA:78,1
DA:80,1
DA:81,1
DA:86,1
DA:87,3
DA:88,3
DA:89,3
DA:91,2
DA:92,1
DA:95,1
DA:97,1
DA:98,1
LF:45
LH:34
BRDA:13,0,0,0
BRDA:13,0,1,0
BRDA:31,1,0,0
BRDA:31,1,1,0
BRDA:31,2,0,0
BRDA:31,2,1,0
BRDA:51,3,0,2
BRDA:51,3,1,2
BRDA:51,4,0,4
BRDA:51,4,1,3
BRDA:74,5,0,1
BRDA:74,5,1,1
BRDA:91,6,0,1
BRDA:91,6,1,1
BRF:14
BRH:8
end_of_record
TN:
SF:src/controllers/motos.controller.js
FN:3,(anonymous_0)
FN:13,(anonymous_1)
FN:24,(anonymous_2)
FN:43,(anonymous_3)
FN:59,(anonymous_4)
FNF:5
FNH:5
FNDA:2,(anonymous_0)
FNDA:2,(anonymous_1)
FNDA:1,(anonymous_2)
FNDA:2,(anonymous_3)
FNDA:2,(anonymous_4)
DA:3,1
DA:4,2
DA:5,2
DA:6,2
DA:7,1
DA:9,1
DA:13,1
DA:14,2
DA:15,2
DA:16,2
DA:17,2
DA:18,1
DA:20,0
DA:24,1
DA:25,1
DA:27,1
DA:28,1
DA:29,1
DA:37,1
DA:39,0
DA:43,1
DA:44,2
DA:45,2
DA:46,2
DA:47,2
DA:48,2
DA:49,1
DA:51,1
DA:52,1
DA:55,0
DA:59,1
DA:60,2
DA:61,2
DA:62,2
DA:64,2
DA:65,1
DA:67,1
DA:69,0
LF:38
LH:34
BRDA:17,0,0,1
BRDA:17,0,1,1
BRDA:48,1,0,1
BRDA:48,1,1,1
BRDA:64,2,0,1
BRDA:64,2,1,1
BRF:6
BRH:6
end_of_record
TN:
SF:src/controllers/ventas.controller.js
FN:4,(anonymous_0)
FN:26,(anonymous_1)
FN:55,(anonymous_2)
FN:106,(anonymous_3)
FN:145,(anonymous_4)
FN:161,(anonymous_5)
FNF:6
FNH:6
FNDA:2,(anonymous_0)
FNDA:2,(anonymous_1)
FNDA:3,(anonymous_2)
FNDA:1,(anonymous_3)
FNDA:1,(anonymous_4)
FNDA:2,(anonymous_5)
DA:4,1
DA:5,2
DA:6,2
DA:18,2
DA:19,1
DA:21,1
DA:22,1
DA:26,1
DA:27,2
DA:28,2
DA:42,2
DA:44,1
DA:45,1
DA:48,0
DA:50,1
DA:51,1
DA:55,1
DA:56,3
DA:59,3
DA:60,3
DA:61,3
DA:63,3
DA:68,2
DA:69,1
DA:70,1
DA:73,1
DA:75,1
DA:76,1
DA:77,1
DA:80,0
DA:85,0
DA:90,0
DA:92,0
DA:98,1
DA:99,1
DA:100,1
DA:102,3
DA:106,1
DA:107,1
DA:108,1
DA:110,1
DA:114,1
DA:120,1
DA:128,1
DA:129,0
DA:132,1
DA:137,1
DA:140,0
DA:141,0
DA:145,1
DA:146,1
DA:147,1
DA:148,1
DA:150,1
DA:151,0
DA:154,1
DA:156,0
DA:157,0
DA:161,1
DA:162,2
DA:163,2
DA:168,2
DA:170,2
DA:171,1
DA:174,1
DA:176,0
DA:177,0
LF:67
LH:54
BRDA:44,0,0,1
BRDA:44,0,1,0
BRDA:68,1,0,1
BRDA:68,1,1,1
BRDA:75,2,0,1
BRDA:75,2,1,0
BRDA:98,3,0,1
BRDA:98,3,1,0
BRDA:102,4,0,3
BRDA:102,4,1,0
BRDA:110,5,0,1
BRDA:110,5,1,0
BRDA:128,6,0,0
BRDA:128,6,1,1
BRDA:150,7,0,0
BRDA:150,7,1,1
BRDA:170,8,0,1
BRDA:170,8,1,1
BRF:18
BRH:11
end_of_record
TN:
SF:src/middlewares/authMiddleware.js
FN:4,(anonymous_0)
FNF:1
FNH:1
FNDA:3,(anonymous_0)
DA:4,1
DA:6,3
DA:7,3
DA:8,1
DA:12,2
DA:13,2
DA:14,1
DA:17,1
DA:19,1
DA:20,1
DA:21,1
DA:24,1
DA:26,1
DA:27,0
DA:29,1
LF:15
LH:14
BRDA:7,0,0,1
BRDA:7,0,1,2
BRDA:13,1,0,1
BRDA:13,1,1,1
BRDA:26,2,0,0
BRDA:26,2,1,1
BRF:6
BRH:5
end_of_record
